Importer Log Report
Project : Adafruit MPU6050.PrjPcb

Section : Analyze Document - C:\Projects\LEAN\Adafruit MPU6050.sch
    Analyzing data of C:\Projects\LEAN\Adafruit MPU6050.sch
    Load settings
    Load layers 175
    Load schematic
    Load Libraries 2
    Load Library "microbuilder"
    Load Packages 61
    Load Symbols 16
    Load DeviceSets 16
    Load Library "supply1"
    Load Packages 0
    Load Symbols 1
    Load DeviceSets 1
    Load Attributes 4
    Load Classes 3
    Load Parts 52
    Load Sheets 1
    ERROR: Unhandled type <errors>
EndSection
